21:50:40.710 [main] DEBUG com.intuit.karate.Suite - [config] classpath:karate-config.js
21:50:40.762 [main] INFO  c.intuit.karate.core.FeatureRuntime - found scenario at line: 8 - ^$
21:50:42.337 [main] INFO  com.intuit.karate - karate.env system property was: null 
21:50:43.308 [main] DEBUG com.intuit.karate - request:
1 > POST https://restful-booker.herokuapp.com/auth
1 > Content-Type: application/json; charset=UTF-8
1 > Content-Length: 45
1 > Host: restful-booker.herokuapp.com
1 > Connection: Keep-Alive
1 > User-Agent: Apache-HttpClient/4.5.13 (Java/1.8.0_261)
1 > Accept-Encoding: gzip,deflate
{
  "password": "password123",
  "username": "admin"
}


21:50:43.940 [main] DEBUG com.intuit.karate - response time in milliseconds: 629
1 < 200
1 < Server: Cowboy
1 < Connection: keep-alive
1 < X-Powered-By: Express
1 < Content-Type: application/json; charset=utf-8
1 < Content-Length: 27
1 < Etag: W/"1b-PvppY4jNCsc4hj4MS8IJBeBAksg"
1 < Date: Sat, 15 May 2021 20:50:44 GMT
1 < Via: 1.1 vegur
{
  "token": "a784d7874bafffe"
}

21:50:43.943 [main] ERROR com.intuit.karate - src/test/java/examples/users/booking.feature:20
Then status 203
status code was: 200, expected: 203, response time in milliseconds: 629, url: https://restful-booker.herokuapp.com/auth, response: 
{"token":"a784d7874bafffe"}
src/test/java/examples/users/booking.feature:20
21:50:44.901 [main] INFO  com.intuit.karate.Suite - <<fail>> feature 1 of 1 (0 remaining) src/test/java/examples/users/booking.feature
